#
# A fatal error has been detected by the Java Runtime Environment:
#
#  EXCEPTION_ACCESS_VIOLATION (0xc0000005) at pc=0x0000000078ce76e6, pid=13036, tid=15896
#
# JRE version: 6.0_17-b04
# Java VM: Java HotSpot(TM) 64-Bit Server VM (14.3-b01 mixed mode windows-amd64 )
# Problematic frame:
# C  0x0000000078ce76e6
#
# If you would like to submit a bug report, please visit:
#   http://java.sun.com/webapps/bugreport/crash.jsp
#

---------------  T H R E A D  ---------------

Current thread (0x00000000616b8800):  JavaThread "Main message loop" daemon [_thread_in_vm, id=15896, stack(0x0000000020fd0000,0x0000000021050000)]

siginfo: ExceptionCode=0xc0000005, writing address 0x000007fedd6c4fe8

Registers:
EAX=0x00000000616b8800, EBX=0x00000000616b8800, ECX=0x0000000000000032, EDX=0x000000002103d478
ESP=0x000000002103d370, EBP=0x000000002103d438, ESI=0x000007fedd6c4fe8, EDI=0x11cf98b53050f1ff
EIP=0x0000000078ce76e6, EFLAGS=0x0000000000010246

Top of Stack: (sp=0x000000002103d370)
0x000000002103d370:   00000000000000b9 00000000616b8800
0x000000002103d380:   000000002103d638 000000007895004e
0x000000002103d390:   0000000035745969 000000003d287b10
0x000000002103d3a0:   000000003882dba8 0000000035751588
0x000000002103d3b0:   0000000063b0e820 0000000078a62f28
0x000000002103d3c0:   000000005ea22470 000000005ea22490
0x000000002103d3d0:   000000005ea22498 000000005ea224b0
0x000000002103d3e0:   00000000fffffffc 00000000616b8800
0x000000002103d3f0:   00000000616b8800 000000002103d3f8
0x000000002103d400:   0000000000000000 000000002103d478
0x000000002103d410:   0000000038830b78 0000000000000000
0x000000002103d420:   000000003882dba8 0000000000000000
0x000000002103d430:   000000002103d458 000000002103d4c0
0x000000002103d440:   0000000035745ac2 0000000000000000
0x000000002103d450:   000000003574de58 11cf98b53050f1ff
0x000000002103d460:   0000000000000000 000007fedd6c4fe8 

Instructions: (pc=0x0000000078ce76e6)
0x0000000078ce76d6:   7c 02 00 40 f6 c6 07 c6 80 3c 02 00 00 01 75 05
0x0000000078ce76e6:   48 89 3e eb 09 89 3e 48 c1 ef 20 89 7e 04 c6 80 


Stack: [0x0000000020fd0000,0x0000000021050000],  sp=0x000000002103d370,  free space=436k
Native frames: (J=compiled Java code, j=interpreted, Vv=VM code, C=native code)
C  0x0000000078ce76e6
j  java.nio.DirectByteBuffer.putLong(JJ)Ljava/nio/ByteBuffer;+30
j  java.nio.DirectByteBuffer.putLong(IJ)Ljava/nio/ByteBuffer;+13
j  com.jniwrapper.g.writePointer(IJ)V+15
j  com.jniwrapper.win32.automation.types.SafeArray.setHandle(J)V+9
j  com.jniwrapper.win32.automation.types.SafeArray.a(J)V+8
j  com.jniwrapper.win32.automation.types.SafeArray.acceptIOPerformer(Lcom/jniwrapper/IOPerformer;Lcom/jniwrapper/DataBuffer;IZZ)V+21
j  com.jniwrapper.Pointer.readReferencedObject(Z)V+21
j  com.jniwrapper.Pointer.read(Lcom/jniwrapper/DataBuffer;IZ)V+21
j  com.jniwrapper.win32.automation.types.Variant.b(Lcom/jniwrapper/DataBuffer;IZILcom/jniwrapper/Parameter;)V+61
j  com.jniwrapper.win32.automation.types.Variant.read(Lcom/jniwrapper/DataBuffer;IZ)V+35
j  com.jniwrapper.win32.automation.types.Variant.acceptIOPerformer(Lcom/jniwrapper/IOPerformer;Lcom/jniwrapper/DataBuffer;IZZ)V+21
j  com.jniwrapper.Pointer.readReferencedObject(Z)V+21
j  com.jniwrapper.Pointer.read(Lcom/jniwrapper/DataBuffer;IZ)V+21
j  com.jniwrapper.Pointer.pop(Lcom/jniwrapper/DataBuffer;IZ)V+14

Java frames: (J=compiled Java code, j=interpreted, Vv=VM code)
j  sun.misc.Unsafe.putLong(JJ)V+0
j  java.nio.DirectByteBuffer.putLong(JJ)Ljava/nio/ByteBuffer;+30
j  java.nio.DirectByteBuffer.putLong(IJ)Ljava/nio/ByteBuffer;+13
j  com.jniwrapper.g.writePointer(IJ)V+15
j  com.jniwrapper.win32.automation.types.SafeArray.setHandle(J)V+9
j  com.jniwrapper.win32.automation.types.SafeArray.a(J)V+8
j  com.jniwrapper.win32.automation.types.SafeArray.acceptIOPerformer(Lcom/jniwrapper/IOPerformer;Lcom/jniwrapper/DataBuffer;IZZ)V+21
j  com.jniwrapper.Pointer.readReferencedObject(Z)V+21
j  com.jniwrapper.Pointer.read(Lcom/jniwrapper/DataBuffer;IZ)V+21
j  com.jniwrapper.win32.automation.types.Variant.b(Lcom/jniwrapper/DataBuffer;IZILcom/jniwrapper/Parameter;)V+61
j  com.jniwrapper.win32.automation.types.Variant.read(Lcom/jniwrapper/DataBuffer;IZ)V+35
j  com.jniwrapper.win32.automation.types.Variant.acceptIOPerformer(Lcom/jniwrapper/IOPerformer;Lcom/jniwrapper/DataBuffer;IZZ)V+21
j  com.jniwrapper.Pointer.readReferencedObject(Z)V+21
j  com.jniwrapper.Pointer.read(Lcom/jniwrapper/DataBuffer;IZ)V+21
j  com.jniwrapper.Pointer.pop(Lcom/jniwrapper/DataBuffer;IZ)V+14
J  com.jniwrapper.Parameter.b(Lcom/jniwrapper/DataBuffer;IZ)V
J  com.jniwrapper.Callback.enterPoint(JI)J
v  ~StubRoutines::call_stub
j  com.jniwrapper.Function.invokeCFunc(JJB[BII[II)I+0
J  com.jniwrapper.FunctionCall.a(ZJJJIBLcom/jniwrapper/Parameter;[Lcom/jniwrapper/Parameter;)J
j  com.jniwrapper.FunctionCall.call(JJBLcom/jniwrapper/Parameter;[Lcom/jniwrapper/Parameter;)J+11
j  com.jniwrapper.Function.invoke(Lcom/jniwrapper/Parameter;[Lcom/jniwrapper/Parameter;)J+24
j  com.jniwrapper.Function.invoke(Lcom/jniwrapper/Parameter;Lcom/jniwrapper/Parameter;)J+10
j  com.jniwrapper.win32.MessageLoopThread$LoopThread.run()V+299
v  ~StubRoutines::call_stub

---------------  P R O C E S S  ---------------

Java Threads: ( => current thread )
  0x00000000616ba000 JavaThread "Timer-629" daemon [_thread_blocked, id=14476, stack(0x0000000020cf0000,0x0000000020d70000)]
=>0x00000000616b8800 JavaThread "Main message loop" daemon [_thread_in_vm, id=15896, stack(0x0000000020fd0000,0x0000000021050000)]
  0x00000000616b7800 JavaThread "com.jniwrapper.NativeResourceCollector" daemon [_thread_blocked, id=15752, stack(0x00000000210d0000,0x0000000021150000)]
  0x00000000616bc000 JavaThread "Code Analyzer updating thread" [_thread_blocked, id=16036, stack(0x000000001da50000,0x000000001dad0000)]
  0x00000000616b9000 JavaThread "Code Analyzer updating thread" [_thread_blocked, id=13068, stack(0x0000000020f50000,0x0000000020fd0000)]
  0x00000000616ba800 JavaThread "Code Analyzer updating thread" [_thread_blocked, id=15884, stack(0x0000000020e20000,0x0000000020ea0000)]
  0x000000006136d000 JavaThread "Explorer NavigationContext request queue" [_thread_blocked, id=14904, stack(0x0000000020d90000,0x0000000020e10000)]
  0x000000006136c800 JavaThread "pool-4-thread-1" [_thread_blocked, id=5652, stack(0x0000000015e10000,0x0000000015e90000)]
  0x00000000616b6000 JavaThread "Foxtrot Single Worker Thread #1" daemon [_thread_blocked, id=10076, stack(0x0000000015320000,0x00000000153a0000)]
  0x0000000061373800 JavaThread "Prefs Updater" daemon [_thread_blocked, id=12744, stack(0x000000001d790000,0x000000001d810000)]
  0x0000000061370000 JavaThread "Active Reference Queue Daemon" daemon [_thread_blocked, id=13284, stack(0x000000005ff80000,0x0000000060000000)]
  0x000000006136e800 JavaThread "Timer-8" daemon [_thread_blocked, id=12636, stack(0x000000005fe80000,0x000000005ff00000)]
  0x000000006136f800 JavaThread "Timer-7" daemon [_thread_blocked, id=12696, stack(0x000000005f460000,0x000000005f4e0000)]
  0x000000006136c000 JavaThread "AddressBar directory emptiness poller" [_thread_blocked, id=11956, stack(0x000000005f0a0000,0x000000005f120000)]
  0x000000006136b000 JavaThread "Explorer Refresh Service 2036671403" [_thread_blocked, id=13272, stack(0x0000000058e60000,0x0000000058ee0000)]
  0x0000000061369800 JavaThread "Timer-1" daemon [_thread_blocked, id=7308, stack(0x0000000059c20000,0x0000000059ca0000)]
  0x0000000061367800 JavaThread "TimerQueue" daemon [_thread_blocked, id=2688, stack(0x0000000059670000,0x00000000596f0000)]
  0x0000000061366800 JavaThread "Thread-5" daemon [_thread_blocked, id=11164, stack(0x000000004cb60000,0x000000004cbe0000)]
  0x0000000061366000 JavaThread "AWT-EventQueue-0" [_thread_blocked, id=13276, stack(0x000000000ed50000,0x000000000edd0000)]
  0x0000000061365800 JavaThread "AWT-Shutdown" [_thread_blocked, id=12780, stack(0x0000000010e80000,0x0000000010f00000)]
  0x0000000061364800 JavaThread "FelixPackageAdmin" daemon [_thread_blocked, id=9472, stack(0x0000000029550000,0x00000000295d0000)]
  0x0000000061202000 JavaThread "FelixStartLevel" daemon [_thread_blocked, id=12248, stack(0x00000000253c0000,0x0000000025440000)]
  0x0000000061201000 JavaThread "FelixDispatchQueue" daemon [_thread_blocked, id=11564, stack(0x000000000fd40000,0x000000000fdc0000)]
  0x00000000612eb000 JavaThread "com.google.common.base.internal.Finalizer" daemon [_thread_blocked, id=10900, stack(0x0000000025460000,0x00000000254e0000)]
  0x0000000060ce9800 JavaThread "AWT-Windows" daemon [_thread_in_native, id=12392, stack(0x000000000ef20000,0x000000000efa0000)]
  0x0000000060c6f000 JavaThread "Java2D Disposer" daemon [_thread_blocked, id=3152, stack(0x000000000ff10000,0x000000000ff90000)]
  0x00000000608aa800 JavaThread "Timer-0" [_thread_blocked, id=7768, stack(0x000000000fe00000,0x000000000fe80000)]
  0x0000000060839000 JavaThread "EventMgr Dispatcher" daemon [_thread_in_native, id=13248, stack(0x00000000093f0000,0x000000000d3f0000)]
  0x000000000ead3000 JavaThread "Low Memory Detector" daemon [_thread_blocked, id=12200, stack(0x000000000ebe0000,0x000000000ec60000)]
  0x000000000ead1000 JavaThread "CompilerThread1" daemon [_thread_blocked, id=9356, stack(0x0000000084040000,0x0000000088040000)]
  0x000000000ea80000 JavaThread "CompilerThread0" daemon [_thread_blocked, id=13100, stack(0x0000000080000000,0x0000000084000000)]
  0x000000000ea7f800 JavaThread "Attach Listener" daemon [_thread_blocked, id=10112, stack(0x000000000edd0000,0x000000000ee50000)]
  0x000000000ea6b800 JavaThread "Finalizer" daemon [_thread_blocked, id=11444, stack(0x000000000ee60000,0x000000000eee0000)]
  0x000000000ea65800 JavaThread "Reference Handler" daemon [_thread_blocked, id=12716, stack(0x000000000ecb0000,0x000000000ed30000)]
  0x0000000005b44000 JavaThread "main" [_thread_in_native, id=10296, stack(0x00000000000a0000,0x00000000040a0000)]

Other Threads:
  0x000000000ea62800 VMThread [stack: 0x0000000054e40000,0x0000000058e40000] [id=10756]
  0x000000000eafe800 WatcherThread [stack: 0x0000000088090000,0x000000008c090000] [id=13192]

VM state:not at safepoint (normal execution)

VM Mutex/Monitor currently owned by a thread: None

Heap
 PSYoungGen      total 22720K, used 12554K [0x0000000049a40000, 0x000000004bba0000, 0x000000004cb40000)
  eden space 17664K, 64% used [0x0000000049a40000,0x000000004a56aac0,0x000000004ab80000)
  from space 5056K, 22% used [0x000000004b6b0000,0x000000004b7c8000,0x000000004bba0000)
  to   space 8256K, 0% used [0x000000004ab80000,0x000000004ab80000,0x000000004b390000)
 PSOldGen        total 80384K, used 66914K [0x0000000040740000, 0x00000000455c0000, 0x0000000049a40000)
  object space 80384K, 83% used [0x0000000040740000,0x0000000044898a80,0x00000000455c0000)
 PSPermGen       total 93632K, used 80718K [0x0000000038740000, 0x000000003e2b0000, 0x0000000040740000)
  object space 93632K, 86% used [0x0000000038740000,0x000000003d6139a8,0x000000003e2b0000)

Dynamic libraries:
0x000000013fb80000 - 0x000000013fbad000 	C:\Program Files\MATLAB\R2012b\bin\win64\MATLAB.exe
0x0000000077030000 - 0x00000000771d9000 	C:\Windows\SYSTEM32\ntdll.dll
0x0000000076f10000 - 0x0000000077030000 	C:\Windows\system32\kernel32.dll
0x000007fefcce0000 - 0x000007fefcd4c000 	C:\Windows\system32\KERNELBASE.dll
0x0000000074460000 - 0x000000007451f000 	C:\Program Files\MATLAB\R2012b\bin\win64\libut.dll
0x00000000758a0000 - 0x000000007595c000 	C:\Program Files\MATLAB\R2012b\bin\win64\libmwi18n.dll
0x0000000180000000 - 0x000000018000b000 	C:\Program Files\MATLAB\R2012b\bin\win64\libmwresource_core.dll
0x0000000068cc0000 - 0x0000000068d93000 	C:\Windows\WinSxS\amd64_microsoft.vc90.crt_1fc8b3b9a1e18e3b_9.0.30729.6161_none_08e61857a83bc251\MSVCP90.dll
0x0000000067060000 - 0x0000000067103000 	C:\Windows\WinSxS\amd64_microsoft.vc90.crt_1fc8b3b9a1e18e3b_9.0.30729.6161_none_08e61857a83bc251\MSVCR90.dll
0x000000007a170000 - 0x000000007a19c000 	C:\Program Files\MATLAB\R2012b\bin\win64\boost_filesystem-vc90-mt-1_44.dll
0x000000007a560000 - 0x000000007a569000 	C:\Program Files\MATLAB\R2012b\bin\win64\boost_system-vc90-mt-1_44.dll
0x000007fefd3d0000 - 0x000007fefd4ab000 	C:\Windows\system32\ADVAPI32.dll
0x000007feff250000 - 0x000007feff2ef000 	C:\Windows\system32\msvcrt.dll
0x000007fefecc0000 - 0x000007fefecdf000 	C:\Windows\SYSTEM32\sechost.dll
0x000007fefdde0000 - 0x000007fefdf0d000 	C:\Windows\system32\RPCRT4.dll
0x000000007a010000 - 0x000000007a035000 	C:\Program Files\MATLAB\R2012b\bin\win64\LIBEXPAT.dll
0x0000000063100000 - 0x00000000632f1000 	C:\Program Files\MATLAB\R2012b\bin\win64\icuin44.dll
0x0000000063380000 - 0x00000000634f1000 	C:\Program Files\MATLAB\R2012b\bin\win64\icuuc44.dll
0x0000000010000000 - 0x0000000010e41000 	C:\Program Files\MATLAB\R2012b\bin\win64\icudt44.dll
0x0000000073f70000 - 0x000000007411d000 	C:\Program Files\MATLAB\R2012b\bin\win64\libmwfl.dll
0x0000000004260000 - 0x0000000004616000 	C:\Program Files\MATLAB\R2012b\bin\win64\libmwMATLAB_res.dll
0x000000007a3b0000 - 0x000000007a3c0000 	C:\Program Files\MATLAB\R2012b\bin\win64\boost_date_time-vc90-mt-1_44.dll
0x000000007a250000 - 0x000000007a263000 	C:\Program Files\MATLAB\R2012b\bin\win64\boost_signals-vc90-mt-1_44.dll
0x000000007a2d0000 - 0x000000007a2e2000 	C:\Program Files\MATLAB\R2012b\bin\win64\boost_thread-vc90-mt-1_44.dll
0x0000000004650000 - 0x000000000470d000 	C:\Program Files\MATLAB\R2012b\bin\win64\boost_log-vc90-mt-1_44.dll
0x00000000771f0000 - 0x00000000771f7000 	C:\Windows\system32\PSAPI.DLL
0x000007feff2f0000 - 0x000007feff33d000 	C:\Windows\system32\WS2_32.dll
0x000007fefd040000 - 0x000007fefd048000 	C:\Windows\system32\NSI.dll
0x0000000004720000 - 0x0000000004766000 	C:\Program Files\MATLAB\R2012b\bin\win64\tbb.dll
0x000007fefdf10000 - 0x000007fefdf29000 	C:\Windows\system32\imagehlp.dll
0x00000000683a0000 - 0x00000000683b3000 	C:\Program Files\MATLAB\R2012b\bin\win64\icuio44.dll
0x000007fee7760000 - 0x000007fee7885000 	C:\Windows\system32\dbghelp.dll
0x0000000076e10000 - 0x0000000076f0a000 	C:\Windows\system32\USER32.dll
0x000007fefdd70000 - 0x000007fefddd7000 	C:\Windows\system32\GDI32.dll
0x000007fefd030000 - 0x000007fefd03e000 	C:\Windows\system32\LPK.dll
0x000007fefd720000 - 0x000007fefd7e9000 	C:\Windows\system32\USP10.dll
0x0000000004790000 - 0x0000000004a6c000 	C:\Program Files\MATLAB\R2012b\bin\win64\libmwservices.dll
0x0000000075a20000 - 0x0000000075af3000 	C:\Program Files\MATLAB\R2012b\bin\win64\libmx.dll
0x0000000004a90000 - 0x0000000004ab9000 	C:\Program Files\MATLAB\R2012b\bin\win64\tbbmalloc.dll
0x000000007a210000 - 0x000000007a228000 	C:\Program Files\MATLAB\R2012b\bin\win64\zlib1.dll
0x0000000004ae0000 - 0x0000000004b2d000 	C:\Program Files\MATLAB\R2012b\bin\win64\libmwregexp.dll
0x0000000004b40000 - 0x0000000004b63000 	C:\Program Files\MATLAB\R2012b\bin\win64\libmwmfl_scalar.dll
0x0000000075f10000 - 0x0000000075f60000 	C:\Program Files\MATLAB\R2012b\bin\win64\mpath.dll
0x000000007b680000 - 0x000000007bc9a000 	C:\Program Files\MATLAB\R2012b\bin\win64\mlutil.dll
0x00000000754d0000 - 0x0000000075551000 	C:\Program Files\MATLAB\R2012b\bin\win64\xmlcore.dll
0x0000000004bb0000 - 0x0000000004e03000 	C:\Program Files\MATLAB\R2012b\bin\win64\xerces-c_2_7.dll
0x0000000004e20000 - 0x0000000004e40000 	C:\Program Files\MATLAB\R2012b\bin\win64\libmwMATLAB_settings_res.dll
0x0000000004e50000 - 0x0000000004e60000 	C:\Program Files\MATLAB\R2012b\bin\win64\boost_iostreams-vc90-mt-1_44.dll
0x0000000004e70000 - 0x0000000004eb7000 	C:\Program Files\MATLAB\R2012b\bin\win64\boost_serialization-vc90-mt-1_44.dll
0x000007fefdf30000 - 0x000007fefecb9000 	C:\Windows\system32\SHELL32.dll
0x000007feff1d0000 - 0x000007feff241000 	C:\Windows\system32\SHLWAPI.dll
0x000007fef8e00000 - 0x000007fef8ea0000 	C:\Windows\WinSxS\amd64_microsoft.windows.common-controls_6595b64144ccf1df_5.82.7601.18837_none_a4d981ff711297b6\COMCTL32.dll
0x000007fefece0000 - 0x000007fefed77000 	C:\Windows\system32\COMDLG32.dll
0x000007fefb8f0000 - 0x000007fefb906000 	C:\Windows\system32\NETAPI32.dll
0x000007fefb8e0000 - 0x000007fefb8ec000 	C:\Windows\system32\netutils.dll
0x000007fefc5d0000 - 0x000007fefc5f3000 	C:\Windows\system32\srvcli.dll
0x000007fefb8c0000 - 0x000007fefb8d5000 	C:\Windows\system32\wkscli.dll
0x000007fefd890000 - 0x000007fefda93000 	C:\Windows\system32\ole32.dll
0x000007feff0f0000 - 0x000007feff1c7000 	C:\Windows\system32\OLEAUT32.dll
0x0000000074970000 - 0x0000000074a31000 	C:\Program Files\MATLAB\R2012b\bin\win64\mcr.dll
0x0000000075000000 - 0x00000000753e9000 	C:\Program Files\MATLAB\R2012b\bin\win64\iqm.dll
0x0000000074e80000 - 0x0000000074f38000 	C:\Program Files\MATLAB\R2012b\bin\win64\m_dispatcher.dll
0x0000000074880000 - 0x000000007496d000 	C:\Program Files\MATLAB\R2012b\bin\win64\boost_regex-vc90-mt-1_44.dll
0x000007fee1610000 - 0x000007fee1e81000 	C:\Program Files\MATLAB\R2012b\bin\win64\m_interpreter.dll
0x00000000660e0000 - 0x0000000066107000 	C:\Program Files\MATLAB\R2012b\bin\win64\libmex.dll
0x0000000065330000 - 0x00000000653b4000 	C:\Program Files\MATLAB\R2012b\bin\win64\profiler.dll
0x0000000004f40000 - 0x00000000051aa000 	C:\Program Files\MATLAB\R2012b\bin\win64\libmwmathutil.dll
0x0000000079f40000 - 0x0000000079f6e000 	C:\Program Files\MATLAB\R2012b\bin\win64\libmwmathrng.dll
0x00000000051d0000 - 0x00000000051e2000 	C:\Program Files\MATLAB\R2012b\bin\win64\libmwmfl_rng.dll
0x0000000074c10000 - 0x0000000074cee000 	C:\Program Files\MATLAB\R2012b\bin\win64\libmwmathcore.dll
0x0000000076160000 - 0x00000000761ca000 	C:\Program Files\MATLAB\R2012b\bin\win64\libmwspmatrix.dll
0x0000000075ea0000 - 0x0000000075f02000 	C:\Program Files\MATLAB\R2012b\bin\win64\libmwcholmod.dll
0x000000007a460000 - 0x000000007a46d000 	C:\Program Files\MATLAB\R2012b\bin\win64\libmwamd.dll
0x000000007a4b0000 - 0x000000007a4bc000 	C:\Program Files\MATLAB\R2012b\bin\win64\libmwcolamd.dll
0x000000007a290000 - 0x000000007a2a9000 	C:\Program Files\MATLAB\R2012b\bin\win64\libmwblas.dll
0x000000007a310000 - 0x000000007a321000 	C:\Program Files\MATLAB\R2012b\bin\win64\libmwbinder.dll
0x000000007a4d0000 - 0x000000007a4dc000 	C:\Program Files\MATLAB\R2012b\bin\win64\libmwompwrapper.dll
0x0000000005280000 - 0x0000000005305000 	C:\Program Files\MATLAB\R2012b\bin\win64\libmwlapack.dll
0x0000000067180000 - 0x00000000671a1000 	C:\Program Files\MATLAB\R2012b\bin\win64\m_pcodeio.dll
0x0000000079b10000 - 0x0000000079b77000 	C:\Program Files\MATLAB\R2012b\bin\win64\m_ir.dll
0x000000005f630000 - 0x000000005fca0000 	C:\Program Files\MATLAB\R2012b\bin\win64\m_parser.dll
0x00000000681b0000 - 0x00000000681ca000 	C:\Program Files\MATLAB\R2012b\bin\win64\ir_xfmr.dll
0x000007fee3a80000 - 0x000007fee3d16000 	C:\Program Files\MATLAB\R2012b\bin\win64\mcos.dll
0x0000000068320000 - 0x0000000068331000 	C:\Program Files\MATLAB\R2012b\bin\win64\mtok.dll
0x00000000652f0000 - 0x0000000065321000 	C:\Program Files\MATLAB\R2012b\bin\win64\m_pcodegen.dll
0x0000000079fb0000 - 0x0000000079fe6000 	C:\Program Files\MATLAB\R2012b\bin\win64\libmwbridge.dll
0x0000000062580000 - 0x0000000062648000 	C:\Program Files\MATLAB\R2012b\bin\win64\udd.dll
0x0000000062d20000 - 0x0000000062e72000 	C:\Program Files\MATLAB\R2012b\bin\win64\libmwgui.dll
0x00000000663d0000 - 0x00000000663e7000 	C:\Program Files\MATLAB\R2012b\bin\win64\graphics_util.dll
0x0000000059de0000 - 0x000000005a83f000 	C:\Program Files\MATLAB\R2012b\bin\win64\hg.dll
0x00000000053e0000 - 0x0000000005448000 	C:\Program Files\MATLAB\R2012b\bin\win64\libmat.dll
0x0000000072d30000 - 0x0000000072f44000 	C:\Program Files\MATLAB\R2012b\bin\win64\hdf5dll.dll
0x0000000075710000 - 0x00000000757de000 	C:\Program Files\MATLAB\R2012b\bin\win64\jmi.dll
0x0000000005480000 - 0x000000000548d000 	C:\Program Files\MATLAB\R2012b\bin\win64\nativejava_services.dll
0x0000000065140000 - 0x0000000065186000 	C:\Program Files\MATLAB\R2012b\bin\win64\libmwhardcopy.dll
0x0000000063310000 - 0x0000000063373000 	C:\Program Files\MATLAB\R2012b\bin\win64\libuij.dll
0x00000000593f0000 - 0x0000000059654000 	C:\Program Files\MATLAB\R2012b\bin\win64\hgdatatypes.dll
0x00000000606f0000 - 0x000000006080f000 	C:\Program Files\MATLAB\R2012b\bin\win64\hgutils.dll
0x00000000624c0000 - 0x0000000062580000 	C:\Program Files\MATLAB\R2012b\bin\win64\udd_mi.dll
0x00000000054f0000 - 0x000000000552b000 	C:\Program Files\MATLAB\R2012b\bin\win64\libmwgbtutils.dll
0x0000000005540000 - 0x000000000555b000 	C:\Program Files\MATLAB\R2012b\bin\win64\libmwgbt.dll
0x0000000005570000 - 0x0000000005841000 	C:\Program Files\MATLAB\R2012b\bin\win64\uiw.dll
0x0000000072b70000 - 0x0000000072b7f000 	C:\Program Files\MATLAB\R2012b\bin\win64\uinone.dll
0x0000000005870000 - 0x0000000005899000 	C:\Program Files\MATLAB\R2012b\bin\win64\libmwnativefiledialogs.dll
0x00000000058b0000 - 0x00000000058b8000 	C:\Program Files\MATLAB\R2012b\bin\win64\libmwplatform_res.dll
0x000007fef84d0000 - 0x000007fef84e8000 	C:\Windows\system32\MPR.dll
0x0000000058f00000 - 0x00000000593e4000 	C:\Windows\WinSxS\amd64_microsoft.vc90.mfc_1fc8b3b9a1e18e3b_9.0.30729.6161_none_044aad0bab1eb146\mfc90.dll
0x000007fefbf10000 - 0x000007fefbf17000 	C:\Windows\system32\MSIMG32.dll
0x000007fefa120000 - 0x000007fefa191000 	C:\Windows\system32\WINSPOOL.DRV
0x0000000065110000 - 0x0000000065132000 	C:\Program Files\MATLAB\R2012b\bin\win64\mwoles05.DLL
0x00000000622f0000 - 0x000000006236d000 	C:\Program Files\MATLAB\R2012b\bin\win64\comcli.dll
0x0000000062fc0000 - 0x0000000062fef000 	C:\Windows\WinSxS\amd64_microsoft.vc90.atl_1fc8b3b9a1e18e3b_9.0.30729.6161_none_0a1fd3a3a768b895\ATL90.DLL
0x000000006a0f0000 - 0x000000006a0fc000 	C:\Program Files\MATLAB\R2012b\bin\win64\mlautoregister.dll
0x000007fefd000000 - 0x000007fefd02e000 	C:\Windows\system32\IMM32.DLL
0x000007fefd260000 - 0x000007fefd369000 	C:\Windows\system32\MSCTF.dll
0x000007fefcac0000 - 0x000007fefcb04000 	C:\Windows\system32\nvinitx.dll
0x000000000f000000 - 0x000000000f006000 	C:\Program Files\NVIDIA Corporation\CoProcManager\_etoured.dll
0x000007fef9650000 - 0x000007fef9695000 	C:\Program Files\NVIDIA Corporation\CoProcManager\nvd3d9wrapx.dll
0x000007fefef10000 - 0x000007feff0e7000 	C:\Windows\system32\SETUPAPI.dll
0x000007fefcc50000 - 0x000007fefcc86000 	C:\Windows\system32\CFGMGR32.dll
0x000007fefcfb0000 - 0x000007fefcfca000 	C:\Windows\system32\DEVOBJ.dll
0x000007fef9610000 - 0x000007fef9647000 	C:\Program Files\NVIDIA Corporation\CoProcManager\nvdxgiwrapx.dll
0x000007fefadc0000 - 0x000007fefae16000 	C:\Windows\system32\UxTheme.dll
0x000007fefcbd0000 - 0x000007fefcbe8000 	C:\Windows\system32\dwmapi.dll
0x0000000068ff0000 - 0x0000000068ff9000 	C:\Windows\WinSxS\amd64_microsoft.vc90.mfcloc_1fc8b3b9a1e18e3b_9.0.30729.6161_none_01c9581e60cbee58\MFC90CHS.DLL
0x000007fefcba0000 - 0x000007fefcbaf000 	C:\Windows\system32\profapi.dll
0x0000000005a80000 - 0x0000000005a8f000 	C:\Program Files\MATLAB\R2012b\bin\win64\xmlxrcsc.dll
0x000007fefc9f0000 - 0x000007fefc9ff000 	C:\Windows\system32\CRYPTBASE.dll

VM Arguments:
jvm_args: -Xss512k -XX:PermSize=32m -Xms64m -XX:NewRatio=3 -XX:MaxPermSize=128m -Xmx196m -XX:MaxDirectMemorySize=2147400000 -Dsun.java2d.noddraw=true -Dsun.awt.nopixfmt=true -Xshare:off -Xrs -Dsun.awt.disableMixing=true -Djava.library.path=C:\Program Files\MATLAB\R2012b\bin\win64;C:\Program Files\MATLAB\R2012b\sys\jxbrowser\win64\lib vfprintf abort -Duser.language=en -Duser.country=US 
java_command: <unknown>
Launcher Type: generic

Environment Variables:
CLASSPATH=C:\Program Files (x86)\LINGO 14\Lingo14.jar
PATH=C:\ProgramData\Oracle\Java\javapath;C:\Program Files (x86)\HI-TECH Software\HC51\9.60\bin;C:\Windows\system32;C:\Windows;C:\Windows\system32\wbem;C:\Program Files\MiKTeX 2.9\miktex\bin\x64\;C:\Program Files (x86)\Skype\Phone\;C:\Python27;C:\Program Files\MATLAB\R2012b\runtime\win64;C:\Program Files\MATLAB\R2012b\bin;C:\Program Files (x86)\IDM Computer Solutions\UltraEdit\;C:\Program Files (x86)\Quartus\modelsim_ae\win32aloem;C:\Program Files\modeltech_10.1a\win32;C:\ProgramData\Oracle\Java\javapath;C:\Program Files (x86)\HI-TECH Software\HC51\9.60\bin;C:\Windows\system32;C:\Windows;C:\Windows\system32\wbem;C:\Program Files\MiKTeX 2.9\miktex\bin\x64\;C:\Program Files (x86)\Skype\Phone\;C:\Python27;C:\Program Files\MATLAB\R2012b\runtime\win64;C:\Program Files\MATLAB\R2012b\bin;C:\PROGRA~2\FLASHM~1
USERNAME=hyk_seu
OS=Windows_NT
PROCESSOR_IDENTIFIER=Intel64 Family 6 Model 58 Stepping 9, GenuineIntel



---------------  S Y S T E M  ---------------

OS: Windows 7 Build 7601 Service Pack 1

CPU:total 4 (8 cores per cpu, 2 threads per core) family 6 model 58 stepping 9, cmov, cx8, fxsr, mmx, sse, sse2, sse3, ssse3, sse4.1, sse4.2, ht

Memory: 4k page, physical 3911620k(1212876k free), swap 7821404k(3532300k free)

vm_info: Java HotSpot(TM) 64-Bit Server VM (14.3-b01) for windows-amd64 JRE (1.6.0_17-b04), built on Oct 11 2009 00:46:08 by "java_re" with MS VC++ 8.0

time: Sun Apr 17 00:10:30 2016
elapsed time: 41916 seconds

